<?xml version="1.0" encoding="UTF-8"?>
<testng-results ignored="0" total="1" passed="1" failed="0" skipped="0">
  <reporter-output>
  </reporter-output>
  <suite started-at="2021-02-23T16:21:08 IST" name="Suite" finished-at="2021-02-23T16:21:55 IST" duration-ms="46315">
    <groups>
    </groups>
    <test started-at="2021-02-23T16:21:08 IST" name="Test" finished-at="2021-02-23T16:21:55 IST" duration-ms="46315">
      <class name="com.FlightReservation.testcases.OpenTestFlightReservation">
        <test-method is-config="true" signature="setUpSuite()[pri:0, instance:com.FlightReservation.testcases.OpenTestFlightReservation@4d02f94e]" started-at="2021-02-23T16:21:08 IST" name="setUpSuite" finished-at="2021-02-23T16:21:08 IST" duration-ms="18" status="PASS">
          <reporter-output>
          </reporter-output>
        </test-method> <!-- setUpSuite -->
        <test-method is-config="true" signature="setUp()[pri:0, instance:com.FlightReservation.testcases.OpenTestFlightReservation@4d02f94e]" started-at="2021-02-23T16:21:08 IST" name="setUp" finished-at="2021-02-23T16:21:20 IST" duration-ms="11531" status="PASS">
          <reporter-output>
          </reporter-output>
        </test-method> <!-- setUp -->
        <test-method signature="openApp()[pri:0, instance:com.FlightReservation.testcases.OpenTestFlightReservation@4d02f94e]" started-at="2021-02-23T16:21:20 IST" name="openApp" finished-at="2021-02-23T16:21:54 IST" duration-ms="33779" status="PASS">
          <reporter-output>
          </reporter-output>
        </test-method> <!-- openApp -->
        <test-method is-config="true" signature="tearDownMethod(org.testng.ITestResult)[pri:0, instance:com.FlightReservation.testcases.OpenTestFlightReservation@4d02f94e]" started-at="2021-02-23T16:21:54 IST" name="tearDownMethod" finished-at="2021-02-23T16:21:54 IST" duration-ms="3" status="PASS">
          <params>
            <param index="0">
              <value>
                <![CDATA[[TestResult name=openApp status=SUCCESS method=OpenTestFlightReservation.openApp()[pri:0, instance:com.FlightReservation.testcases.OpenTestFlightReservation@4d02f94e] output={null}]]]>
              </value>
            </param>
          </params>
          <reporter-output>
          </reporter-output>
        </test-method> <!-- tearDownMethod -->
        <test-method is-config="true" signature="tearDown()[pri:0, instance:com.FlightReservation.testcases.OpenTestFlightReservation@4d02f94e]" started-at="2021-02-23T16:21:54 IST" name="tearDown" finished-at="2021-02-23T16:21:55 IST" duration-ms="772" status="PASS">
          <reporter-output>
          </reporter-output>
        </test-method> <!-- tearDown -->
      </class> <!-- com.FlightReservation.testcases.OpenTestFlightReservation -->
    </test> <!-- Test -->
  </suite> <!-- Suite -->
</testng-results>
